# JRE version: Java(TM) SE Runtime Environment (7.0_65-b20) (build 1.7.0_65-b20)
# Java VM: Java HotSpot(TM) Client VM (24.65-b04 mixed mode, sharing windows-x86 )
Heap
 def new generation   total 4928K, used 3142K [0x22c00000, 0x23150000, 0x28150000)
  eden space 4416K,  65% used [0x22c00000, 0x22ed6d80, 0x23050000)
  from space 512K,  45% used [0x230d0000, 0x2310abf8, 0x23150000)
  to   space 512K,   0% used [0x23050000, 0x23050000, 0x230d0000)
 tenured generation   total 10944K, used 3862K [0x28150000, 0x28c00000, 0x32c00000)
   the space 10944K,  35% used [0x28150000, 0x28515a80, 0x28515c00, 0x28c00000)
 compacting perm gen  total 12288K, used 3835K [0x32c00000, 0x33800000, 0x36c00000)
   the space 12288K,  31% used [0x32c00000, 0x32fbed30, 0x32fbee00, 0x33800000)
    ro space 10240K,  42% used [0x36c00000, 0x37034650, 0x37034800, 0x37600000)
    rw space 12288K,  52% used [0x37600000, 0x37c4be40, 0x37c4c000, 0x38200000)
GC Heap History (10 events):
Event: 0.455 GC heap before
{Heap before GC invocations=0 (full 0):
 def new generation   total 4928K, used 4416K [0x22c00000, 0x23150000, 0x28150000)
  eden space 4416K, 100% used [0x22c00000, 0x23050000, 0x23050000)
  from space 512K,   0% used [0x23050000, 0x23050000, 0x230d0000)
  to   space 512K,   0% used [0x230d0000, 0x230d0000, 0x23150000)
 tenured generation   total 10944K, used 0K [0x28150000, 0x28c00000, 0x32c00000)
   the space 10944K,   0% used [0x28150000, 0x28150000, 0x28150200, 0x28c00000)
 compacting perm gen  total 12288K, used 910K [0x32c00000, 0x33800000, 0x36c00000)
   the space 12288K,   7% used [0x32c00000, 0x32ce3b08, 0x32ce3c00, 0x33800000)
    ro space 10240K,  42% used [0x36c00000, 0x37034650, 0x37034800, 0x37600000)
    rw space 12288K,  52% used [0x37600000, 0x37c4be40, 0x37c4c000, 0x38200000)
Event: 0.461 GC heap after
Heap after GC invocations=1 (full 0):
 def new generation   total 4928K, used 512K [0x22c00000, 0x23150000, 0x28150000)
  eden space 4416K,   0% used [0x22c00000, 0x22c00000, 0x23050000)
  from space 512K, 100% used [0x230d0000, 0x23150000, 0x23150000)
  to   space 512K,   0% used [0x23050000, 0x23050000, 0x230d0000)
 tenured generation   total 10944K, used 428K [0x28150000, 0x28c00000, 0x32c00000)
   the space 10944K,   3% used [0x28150000, 0x281bb360, 0x281bb400, 0x28c00000)
 compacting perm gen  total 12288K, used 910K [0x32c00000, 0x33800000, 0x36c00000)
   the space 12288K,   7% used [0x32c00000, 0x32ce3b08, 0x32ce3c00, 0x33800000)
    ro space 10240K,  42% used [0x36c00000, 0x37034650, 0x37034800, 0x37600000)
    rw space 12288K,  52% used [0x37600000, 0x37c4be40, 0x37c4c000, 0x38200000)
}
Event: 0.766 GC heap before
{Heap before GC invocations=1 (full 0):
 def new generation   total 4928K, used 4928K [0x22c00000, 0x23150000, 0x28150000)
  eden space 4416K, 100% used [0x22c00000, 0x23050000, 0x23050000)
  from space 512K, 100% used [0x230d0000, 0x23150000, 0x23150000)
  to   space 512K,   0% used [0x23050000, 0x23050000, 0x230d0000)
 tenured generation   total 10944K, used 428K [0x28150000, 0x28c00000, 0x32c00000)
   the space 10944K,   3% used [0x28150000, 0x281bb360, 0x281bb400, 0x28c00000)
 compacting perm gen  total 12288K, used 1999K [0x32c00000, 0x33800000, 0x36c00000)
   the space 12288K,  16% used [0x32c00000, 0x32df3c18, 0x32df3e00, 0x33800000)
    ro space 10240K,  42% used [0x36c00000, 0x37034650, 0x37034800, 0x37600000)
    rw space 12288K,  52% used [0x37600000, 0x37c4be40, 0x37c4c000, 0x38200000)
Event: 0.775 GC heap after
Heap after GC invocations=2 (full 0):
 def new generation   total 4928K, used 512K [0x22c00000, 0x23150000, 0x28150000)
  eden space 4416K,   0% used [0x22c00000, 0x22c00000, 0x23050000)
  from space 512K, 100% used [0x23050000, 0x230d0000, 0x230d0000)
  to   space 512K,   0% used [0x230d0000, 0x230d0000, 0x23150000)
 tenured generation   total 10944K, used 1512K [0x28150000, 0x28c00000, 0x32c00000)
   the space 10944K,  13% used [0x28150000, 0x282ca0e0, 0x282ca200, 0x28c00000)
 compacting perm gen  total 12288K, used 1999K [0x32c00000, 0x33800000, 0x36c00000)
   the space 12288K,  16% used [0x32c00000, 0x32df3c18, 0x32df3e00, 0x33800000)
    ro space 10240K,  42% used [0x36c00000, 0x37034650, 0x37034800, 0x37600000)
    rw space 12288K,  52% used [0x37600000, 0x37c4be40, 0x37c4c000, 0x38200000)
}
Event: 9.119 GC heap before
{Heap before GC invocations=2 (full 0):
 def new generation   total 4928K, used 4928K [0x22c00000, 0x23150000, 0x28150000)
  eden space 4416K, 100% used [0x22c00000, 0x23050000, 0x23050000)
  from space 512K, 100% used [0x23050000, 0x230d0000, 0x230d0000)
  to   space 512K,   0% used [0x230d0000, 0x230d0000, 0x23150000)
 tenured generation   total 10944K, used 1512K [0x28150000, 0x28c00000, 0x32c00000)
   the space 10944K,  13% used [0x28150000, 0x282ca0e0, 0x282ca200, 0x28c00000)
 compacting perm gen  total 12288K, used 2931K [0x32c00000, 0x33800000, 0x36c00000)
   the space 12288K,  23% used [0x32c00000, 0x32edce98, 0x32edd000, 0x33800000)
    ro space 10240K,  42% used [0x36c00000, 0x37034650, 0x37034800, 0x37600000)
    rw space 12288K,  52% used [0x37600000, 0x37c4be40, 0x37c4c000, 0x38200000)
Event: 9.138 GC heap after
Heap after GC invocations=3 (full 0):
 def new generation   total 4928K, used 512K [0x22c00000, 0x23150000, 0x28150000)
  eden space 4416K,   0% used [0x22c00000, 0x22c00000, 0x23050000)
  from space 512K, 100% used [0x230d0000, 0x23150000, 0x23150000)
  to   space 512K,   0% used [0x23050000, 0x23050000, 0x230d0000)
 tenured generation   total 10944K, used 3090K [0x28150000, 0x28c00000, 0x32c00000)
   the space 10944K,  28% used [0x28150000, 0x28454b78, 0x28454c00, 0x28c00000)
 compacting perm gen  total 12288K, used 2931K [0x32c00000, 0x33800000, 0x36c00000)
   the space 12288K,  23% used [0x32c00000, 0x32edce98, 0x32edd000, 0x33800000)
    ro space 10240K,  42% used [0x36c00000, 0x37034650, 0x37034800, 0x37600000)
    rw space 12288K,  52% used [0x37600000, 0x37c4be40, 0x37c4c000, 0x38200000)
}
Event: 15.035 GC heap before
{Heap before GC invocations=3 (full 0):
 def new generation   total 4928K, used 4928K [0x22c00000, 0x23150000, 0x28150000)
  eden space 4416K, 100% used [0x22c00000, 0x23050000, 0x23050000)
  from space 512K, 100% used [0x230d0000, 0x23150000, 0x23150000)
  to   space 512K,   0% used [0x23050000, 0x23050000, 0x230d0000)
 tenured generation   total 10944K, used 3090K [0x28150000, 0x28c00000, 0x32c00000)
   the space 10944K,  28% used [0x28150000, 0x28454b78, 0x28454c00, 0x28c00000)
 compacting perm gen  total 12288K, used 3669K [0x32c00000, 0x33800000, 0x36c00000)
   the space 12288K,  29% used [0x32c00000, 0x32f956b8, 0x32f95800, 0x33800000)
    ro space 10240K,  42% used [0x36c00000, 0x37034650, 0x37034800, 0x37600000)
    rw space 12288K,  52% used [0x37600000, 0x37c4be40, 0x37c4c000, 0x38200000)
Event: 15.043 GC heap after
Heap after GC invocations=4 (full 0):
 def new generation   total 4928K, used 489K [0x22c00000, 0x23150000, 0x28150000)
  eden space 4416K,   0% used [0x22c00000, 0x22c00000, 0x23050000)
  from space 512K,  95% used [0x23050000, 0x230ca5c8, 0x230d0000)
  to   space 512K,   0% used [0x230d0000, 0x230d0000, 0x23150000)
 tenured generation   total 10944K, used 3589K [0x28150000, 0x28c00000, 0x32c00000)
   the space 10944K,  32% used [0x28150000, 0x284d1700, 0x284d1800, 0x28c00000)
 compacting perm gen  total 12288K, used 3669K [0x32c00000, 0x33800000, 0x36c00000)
   the space 12288K,  29% used [0x32c00000, 0x32f956b8, 0x32f95800, 0x33800000)
    ro space 10240K,  42% used [0x36c00000, 0x37034650, 0x37034800, 0x37600000)
    rw space 12288K,  52% used [0x37600000, 0x37c4be40, 0x37c4c000, 0x38200000)
}
Event: 21.702 GC heap before
{Heap before GC invocations=4 (full 0):
 def new generation   total 4928K, used 4905K [0x22c00000, 0x23150000, 0x28150000)
  eden space 4416K, 100% used [0x22c00000, 0x23050000, 0x23050000)
  from space 512K,  95% used [0x23050000, 0x230ca5c8, 0x230d0000)
  to   space 512K,   0% used [0x230d0000, 0x230d0000, 0x23150000)
 tenured generation   total 10944K, used 3589K [0x28150000, 0x28c00000, 0x32c00000)
   the space 10944K,  32% used [0x28150000, 0x284d1700, 0x284d1800, 0x28c00000)
 compacting perm gen  total 12288K, used 3812K [0x32c00000, 0x33800000, 0x36c00000)
   the space 12288K,  31% used [0x32c00000, 0x32fb93e0, 0x32fb9400, 0x33800000)
    ro space 10240K,  42% used [0x36c00000, 0x37034650, 0x37034800, 0x37600000)
    rw space 12288K,  52% used [0x37600000, 0x37c4be40, 0x37c4c000, 0x38200000)
Event: 21.714 GC heap after
Heap after GC invocations=5 (full 0):
 def new generation   total 4928K, used 234K [0x22c00000, 0x23150000, 0x28150000)
  eden space 4416K,   0% used [0x22c00000, 0x22c00000, 0x23050000)
  from space 512K,  45% used [0x230d0000, 0x2310abf8, 0x23150000)
  to   space 512K,   0% used [0x23050000, 0x23050000, 0x230d0000)
 tenured generation   total 10944K, used 3862K [0x28150000, 0x28c00000, 0x32c00000)
   the space 10944K,  35% used [0x28150000, 0x28515a80, 0x28515c00, 0x28c00000)
 compacting perm gen  total 12288K, used 3812K [0x32c00000, 0x33800000, 0x36c00000)
   the space 12288K,  31% used [0x32c00000, 0x32fb93e0, 0x32fb9400, 0x33800000)
    ro space 10240K,  42% used [0x36c00000, 0x37034650, 0x37034800, 0x37600000)
    rw space 12288K,  52% used [0x37600000, 0x37c4be40, 0x37c4c000, 0x38200000)
}

